<?xml version="1.0" encoding="UTF-8"?>
<!-- Generated by org.testng.reporters.JUnitReportReporter -->
<testsuite skipped="0" hostname="DESKTOP-4BSBE21" name="com.optico.qa.test.LoginPageTest" tests="3" failures="0" timestamp="28 Jul 2019 08:47:51 GMT" time="1.195" errors="0">
  <testcase name="ValidateLoginPageLogoTest" time="0.096" classname="com.optico.qa.test.LoginPageTest"/>
  <testcase name="verifyTitleTest" time="0.028" classname="com.optico.qa.test.LoginPageTest"/>
  <testcase name="loginTest" time="1.071" classname="com.optico.qa.test.LoginPageTest"/>
</testsuite> <!-- com.optico.qa.test.LoginPageTest -->
