<?xml version="1.0" encoding="UTF-8"?>
<!-- Generated by org.testng.reporters.JUnitReportReporter -->
<testsuite skipped="0" hostname="DESKTOP-4BSBE21" name="com.optico.qa.test.LoginPageTest" tests="3" failures="0" timestamp="24 Jul 2019 17:45:17 GMT" time="0.627" errors="0">
  <testcase name="ValidateLoginPageLogoTest" time="0.080" classname="com.optico.qa.test.LoginPageTest"/>
  <testcase name="verifyTitleTest" time="0.012" classname="com.optico.qa.test.LoginPageTest"/>
  <testcase name="loginTest" time="0.535" classname="com.optico.qa.test.LoginPageTest"/>
</testsuite> <!-- com.optico.qa.test.LoginPageTest -->
