<?xml version="1.0" encoding="UTF-8"?>
<!-- Generated by org.testng.reporters.JUnitReportReporter -->
<testsuite skipped="0" hostname="DESKTOP-4BSBE21" name="com.optico.qa.test.RegisterCustomerPageTest" tests="5" failures="0" timestamp="23 Jul 2019 03:24:20 GMT" time="54.194" errors="0">
  <testcase name="verifyHeadingTest" time="3.280" classname="com.optico.qa.test.RegisterCustomerPageTest"/>
  <testcase name="RegisterCustomerTest" time="12.421" classname="com.optico.qa.test.RegisterCustomerPageTest"/>
  <testcase name="RegisterCustomerTest" time="13.302" classname="com.optico.qa.test.RegisterCustomerPageTest"/>
  <testcase name="RegisterCustomerTest" time="12.618" classname="com.optico.qa.test.RegisterCustomerPageTest"/>
  <testcase name="RegisterCustomerTest" time="12.573" classname="com.optico.qa.test.RegisterCustomerPageTest"/>
</testsuite> <!-- com.optico.qa.test.RegisterCustomerPageTest -->
