<?xml version="1.0" encoding="UTF-8"?>
<!-- Generated by org.testng.reporters.JUnitReportReporter -->
<testsuite skipped="0" hostname="DESKTOP-4BSBE21" name="com.optico.qa.test.RegisterCustomerPageTest" tests="2" failures="0" timestamp="21 Jul 2019 06:39:56 GMT" time="12.192" errors="0">
  <testcase name="verifyHeadingTest" time="3.189" classname="com.optico.qa.test.RegisterCustomerPageTest"/>
  <testcase name="RegisterCustomerTest" time="9.003" classname="com.optico.qa.test.RegisterCustomerPageTest"/>
</testsuite> <!-- com.optico.qa.test.RegisterCustomerPageTest -->
