<?xml version="1.0" encoding="UTF-8"?>
<!-- Generated by org.testng.reporters.JUnitReportReporter -->
<testsuite skipped="0" hostname="DESKTOP-4BSBE21" name="com.optico.qa.test.RegisterCustomerPageTest" tests="2" failures="0" timestamp="22 Jul 2019 17:55:00 GMT" time="10.334" errors="0">
  <testcase name="verifyHeadingTest" time="3.258" classname="com.optico.qa.test.RegisterCustomerPageTest"/>
  <testcase name="RegisterCustomerTest" time="7.076" classname="com.optico.qa.test.RegisterCustomerPageTest"/>
</testsuite> <!-- com.optico.qa.test.RegisterCustomerPageTest -->
