<?xml version="1.0" encoding="UTF-8"?>
<!-- Generated by org.testng.reporters.JUnitReportReporter -->
<testsuite skipped="0" hostname="DESKTOP-4BSBE21" name="com.optico.qa.test.NewLoginPageTest" tests="3" failures="0" timestamp="25 Aug 2019 18:29:45 GMT" time="56.908" errors="0">
  <testcase name="ValidateLoginPageLogoTest" time="11.754" classname="com.optico.qa.test.NewLoginPageTest"/>
  <testcase name="verifyTitleTest" time="32.737" classname="com.optico.qa.test.NewLoginPageTest"/>
  <testcase name="loginTest" time="12.417" classname="com.optico.qa.test.NewLoginPageTest"/>
</testsuite> <!-- com.optico.qa.test.NewLoginPageTest -->
