<?xml version="1.0" encoding="UTF-8"?>
<!-- Generated by org.testng.reporters.JUnitReportReporter -->
<testsuite skipped="0" hostname="DESKTOP-4BSBE21" name="com.optico.qa.test.LoginPageTest" tests="3" failures="0" timestamp="20 Jul 2019 16:08:19 GMT" time="0.781" errors="0">
  <testcase name="ValidateLoginPageLogoTest" time="0.084" classname="com.optico.qa.test.LoginPageTest"/>
  <testcase name="verifyTitle" time="0.012" classname="com.optico.qa.test.LoginPageTest"/>
  <testcase name="login" time="0.685" classname="com.optico.qa.test.LoginPageTest"/>
</testsuite> <!-- com.optico.qa.test.LoginPageTest -->
