<?xml version="1.0" encoding="UTF-8"?>
<!-- Generated by org.testng.reporters.JUnitReportReporter -->
<testsuite skipped="0" hostname="DESKTOP-4BSBE21" name="com.optico.qa.test.LoginPageTest" tests="3" failures="0" timestamp="22 Jul 2019 17:51:04 GMT" time="0.782" errors="0">
  <testcase name="ValidateLoginPageLogoTest" time="0.093" classname="com.optico.qa.test.LoginPageTest"/>
  <testcase name="verifyTitleTest" time="0.010" classname="com.optico.qa.test.LoginPageTest"/>
  <testcase name="loginTest" time="0.679" classname="com.optico.qa.test.LoginPageTest"/>
</testsuite> <!-- com.optico.qa.test.LoginPageTest -->
