<?xml version="1.0" encoding="UTF-8"?>
<!-- Generated by org.testng.reporters.JUnitReportReporter -->
<testsuite skipped="0" hostname="DESKTOP-4BSBE21" name="com.optico.qa.test.RegisterCustomerPageTest" tests="5" failures="0" timestamp="28 Jul 2019 08:47:51 GMT" time="53.718" errors="0">
  <testcase name="verifyHeadingTest" time="3.188" classname="com.optico.qa.test.RegisterCustomerPageTest"/>
  <testcase name="RegisterCustomerTest" time="12.714" classname="com.optico.qa.test.RegisterCustomerPageTest"/>
  <testcase name="RegisterCustomerTest" time="12.559" classname="com.optico.qa.test.RegisterCustomerPageTest"/>
  <testcase name="RegisterCustomerTest" time="12.536" classname="com.optico.qa.test.RegisterCustomerPageTest"/>
  <testcase name="RegisterCustomerTest" time="12.721" classname="com.optico.qa.test.RegisterCustomerPageTest"/>
</testsuite> <!-- com.optico.qa.test.RegisterCustomerPageTest -->
