<?xml version="1.0" encoding="UTF-8"?>
<!-- Generated by org.testng.reporters.JUnitReportReporter -->
<testsuite skipped="0" hostname="DESKTOP-4BSBE21" name="com.optico.qa.test.LoginPageTest" tests="3" failures="0" timestamp="23 Jul 2019 03:24:20 GMT" time="0.668" errors="0">
  <testcase name="ValidateLoginPageLogoTest" time="0.064" classname="com.optico.qa.test.LoginPageTest"/>
  <testcase name="verifyTitleTest" time="0.012" classname="com.optico.qa.test.LoginPageTest"/>
  <testcase name="loginTest" time="0.592" classname="com.optico.qa.test.LoginPageTest"/>
</testsuite> <!-- com.optico.qa.test.LoginPageTest -->
