<?xml version="1.0" encoding="UTF-8"?>
<!-- Generated by org.testng.reporters.JUnitReportReporter -->
<testsuite skipped="0" hostname="DESKTOP-4BSBE21" name="com.optico.qa.test.NewLoginPageTest" tests="3" failures="0" timestamp="25 Aug 2019 17:39:39 GMT" time="127.448" errors="0">
  <testcase name="ValidateLoginPageLogoTest" time="51.649" classname="com.optico.qa.test.NewLoginPageTest"/>
  <testcase name="verifyTitleTest" time="29.012" classname="com.optico.qa.test.NewLoginPageTest"/>
  <testcase name="loginTest" time="46.787" classname="com.optico.qa.test.NewLoginPageTest"/>
</testsuite> <!-- com.optico.qa.test.NewLoginPageTest -->
